# JRE version: OpenJDK Runtime Environment Temurin-17.0.9+9 (17.0.9+9) (build 17.0.9+9)
# Java VM: OpenJDK 64-Bit Server VM Temurin-17.0.9+9 (17.0.9+9, mixed mode, tiered, compressed oops, compressed class ptrs, parallel gc, windows-amd64)
GC Precious Log:
 CPUs: 16 total, 16 available
 Memory: 16222M
 Large Page Support: Disabled
 NUMA Support: Disabled
 Compressed Oops: Enabled (32-bit)
 Alignments: Space 512K, Generation 512K, Heap 2M
 Heap Min Capacity: 100M
 Heap Initial Capacity: 100M
 Heap Max Capacity: 1G
 Pre-touch: Disabled
 Parallel Workers: 13
Heap:
 PSYoungGen      total 26624K, used 11556K [0x00000000eab00000, 0x00000000ec780000, 0x0000000100000000)
  eden space 24064K, 38% used [0x00000000eab00000,0x00000000eb41ac10,0x00000000ec280000)
  from space 2560K, 87% used [0x00000000ec500000,0x00000000ec72e470,0x00000000ec780000)
  to   space 2560K, 0% used [0x00000000ec280000,0x00000000ec280000,0x00000000ec500000)
 ParOldGen       total 317440K, used 286074K [0x00000000c0000000, 0x00000000d3600000, 0x00000000eab00000)
  object space 317440K, 90% used [0x00000000c0000000,0x00000000d175eaf8,0x00000000d3600000)
 Metaspace       used 63849K, committed 64896K, reserved 1114112K
  class space    used 7222K, committed 7680K, reserved 1048576K
GC Heap History (20 events):
Event: 8.114 GC heap before
{Heap before GC invocations=143 (full 9):
 PSYoungGen      total 22528K, used 5021K [0x00000000eab00000, 0x00000000ecb00000, 0x0000000100000000)
  eden space 17408K, 0% used [0x00000000eab00000,0x00000000eab00000,0x00000000ebc00000)
  from space 5120K, 98% used [0x00000000ebc00000,0x00000000ec0e7710,0x00000000ec100000)
  to   space 6656K, 0% used [0x00000000ec480000,0x00000000ec480000,0x00000000ecb00000)
 ParOldGen       total 259584K, used 259247K [0x00000000c0000000, 0x00000000cfd80000, 0x00000000eab00000)
  object space 259584K, 99% used [0x00000000c0000000,0x00000000cfd2bdf0,0x00000000cfd80000)
 Metaspace       used 61859K, committed 62848K, reserved 1114112K
  class space    used 7030K, committed 7488K, reserved 1048576K
}
Event: 8.213 GC heap after
{Heap after GC invocations=143 (full 9):
 PSYoungGen      total 22528K, used 2053K [0x00000000eab00000, 0x00000000ecb00000, 0x0000000100000000)
  eden space 17408K, 0% used [0x00000000eab00000,0x00000000eab00000,0x00000000ebc00000)
  from space 5120K, 40% used [0x00000000ebc00000,0x00000000ebe01558,0x00000000ec100000)
  to   space 6656K, 0% used [0x00000000ec480000,0x00000000ec480000,0x00000000ecb00000)
 ParOldGen       total 317440K, used 259285K [0x00000000c0000000, 0x00000000d3600000, 0x00000000eab00000)
  object space 317440K, 81% used [0x00000000c0000000,0x00000000cfd35708,0x00000000d3600000)
 Metaspace       used 61859K, committed 62848K, reserved 1114112K
  class space    used 7030K, committed 7488K, reserved 1048576K
}
Event: 8.221 GC heap before
{Heap before GC invocations=144 (full 9):
 PSYoungGen      total 22528K, used 19461K [0x00000000eab00000, 0x00000000ecb00000, 0x0000000100000000)
  eden space 17408K, 100% used [0x00000000eab00000,0x00000000ebc00000,0x00000000ebc00000)
  from space 5120K, 40% used [0x00000000ebc00000,0x00000000ebe01558,0x00000000ec100000)
  to   space 6656K, 0% used [0x00000000ec480000,0x00000000ec480000,0x00000000ecb00000)
 ParOldGen       total 317440K, used 259285K [0x00000000c0000000, 0x00000000d3600000, 0x00000000eab00000)
  object space 317440K, 81% used [0x00000000c0000000,0x00000000cfd35708,0x00000000d3600000)
 Metaspace       used 61880K, committed 62848K, reserved 1114112K
  class space    used 7033K, committed 7488K, reserved 1048576K
}
Event: 8.228 GC heap after
{Heap after GC invocations=144 (full 9):
 PSYoungGen      total 24064K, used 6645K [0x00000000eab00000, 0x00000000ece80000, 0x0000000100000000)
  eden space 17408K, 0% used [0x00000000eab00000,0x00000000eab00000,0x00000000ebc00000)
  from space 6656K, 99% used [0x00000000ec480000,0x00000000ecafd428,0x00000000ecb00000)
  to   space 8704K, 0% used [0x00000000ebc00000,0x00000000ebc00000,0x00000000ec480000)
 ParOldGen       total 317440K, used 260485K [0x00000000c0000000, 0x00000000d3600000, 0x00000000eab00000)
  object space 317440K, 82% used [0x00000000c0000000,0x00000000cfe616d8,0x00000000d3600000)
 Metaspace       used 61880K, committed 62848K, reserved 1114112K
  class space    used 7033K, committed 7488K, reserved 1048576K
}
Event: 8.235 GC heap before
{Heap before GC invocations=145 (full 9):
 PSYoungGen      total 24064K, used 24053K [0x00000000eab00000, 0x00000000ece80000, 0x0000000100000000)
  eden space 17408K, 100% used [0x00000000eab00000,0x00000000ebc00000,0x00000000ebc00000)
  from space 6656K, 99% used [0x00000000ec480000,0x00000000ecafd428,0x00000000ecb00000)
  to   space 8704K, 0% used [0x00000000ebc00000,0x00000000ebc00000,0x00000000ec480000)
 ParOldGen       total 317440K, used 260485K [0x00000000c0000000, 0x00000000d3600000, 0x00000000eab00000)
  object space 317440K, 82% used [0x00000000c0000000,0x00000000cfe616d8,0x00000000d3600000)
 Metaspace       used 61881K, committed 62848K, reserved 1114112K
  class space    used 7033K, committed 7488K, reserved 1048576K
}
Event: 8.237 GC heap after
{Heap after GC invocations=145 (full 9):
 PSYoungGen      total 26112K, used 6408K [0x00000000eab00000, 0x00000000ecc00000, 0x0000000100000000)
  eden space 17408K, 0% used [0x00000000eab00000,0x00000000eab00000,0x00000000ebc00000)
  from space 8704K, 73% used [0x00000000ebc00000,0x00000000ec2423e0,0x00000000ec480000)
  to   space 7168K, 0% used [0x00000000ec500000,0x00000000ec500000,0x00000000ecc00000)
 ParOldGen       total 317440K, used 266810K [0x00000000c0000000, 0x00000000d3600000, 0x00000000eab00000)
  object space 317440K, 84% used [0x00000000c0000000,0x00000000d048e880,0x00000000d3600000)
 Metaspace       used 61881K, committed 62848K, reserved 1114112K
  class space    used 7033K, committed 7488K, reserved 1048576K
}
Event: 8.244 GC heap before
{Heap before GC invocations=146 (full 9):
 PSYoungGen      total 26112K, used 23777K [0x00000000eab00000, 0x00000000ecc00000, 0x0000000100000000)
  eden space 17408K, 99% used [0x00000000eab00000,0x00000000ebbf6378,0x00000000ebc00000)
  from space 8704K, 73% used [0x00000000ebc00000,0x00000000ec2423e0,0x00000000ec480000)
  to   space 7168K, 0% used [0x00000000ec500000,0x00000000ec500000,0x00000000ecc00000)
 ParOldGen       total 317440K, used 266810K [0x00000000c0000000, 0x00000000d3600000, 0x00000000eab00000)
  object space 317440K, 84% used [0x00000000c0000000,0x00000000d048e880,0x00000000d3600000)
 Metaspace       used 61907K, committed 62912K, reserved 1114112K
  class space    used 7038K, committed 7488K, reserved 1048576K
}
Event: 8.246 GC heap after
{Heap after GC invocations=146 (full 9):
 PSYoungGen      total 26624K, used 6911K [0x00000000eab00000, 0x00000000ecc00000, 0x0000000100000000)
  eden space 19456K, 0% used [0x00000000eab00000,0x00000000eab00000,0x00000000ebe00000)
  from space 7168K, 96% used [0x00000000ec500000,0x00000000ecbbfef8,0x00000000ecc00000)
  to   space 7168K, 0% used [0x00000000ebe00000,0x00000000ebe00000,0x00000000ec500000)
 ParOldGen       total 317440K, used 272967K [0x00000000c0000000, 0x00000000d3600000, 0x00000000eab00000)
  object space 317440K, 85% used [0x00000000c0000000,0x00000000d0a91c90,0x00000000d3600000)
 Metaspace       used 61907K, committed 62912K, reserved 1114112K
  class space    used 7038K, committed 7488K, reserved 1048576K
}
Event: 8.306 GC heap before
{Heap before GC invocations=147 (full 9):
 PSYoungGen      total 26624K, used 26367K [0x00000000eab00000, 0x00000000ecc00000, 0x0000000100000000)
  eden space 19456K, 100% used [0x00000000eab00000,0x00000000ebe00000,0x00000000ebe00000)
  from space 7168K, 96% used [0x00000000ec500000,0x00000000ecbbfef8,0x00000000ecc00000)
  to   space 7168K, 0% used [0x00000000ebe00000,0x00000000ebe00000,0x00000000ec500000)
 ParOldGen       total 317440K, used 272967K [0x00000000c0000000, 0x00000000d3600000, 0x00000000eab00000)
  object space 317440K, 85% used [0x00000000c0000000,0x00000000d0a91c90,0x00000000d3600000)
 Metaspace       used 61907K, committed 62912K, reserved 1114112K
  class space    used 7038K, committed 7488K, reserved 1048576K
}
Event: 8.309 GC heap after
{Heap after GC invocations=147 (full 9):
 PSYoungGen      total 26624K, used 4443K [0x00000000eab00000, 0x00000000ecb00000, 0x0000000100000000)
  eden space 19456K, 0% used [0x00000000eab00000,0x00000000eab00000,0x00000000ebe00000)
  from space 7168K, 61% used [0x00000000ebe00000,0x00000000ec256ca0,0x00000000ec500000)
  to   space 5632K, 0% used [0x00000000ec580000,0x00000000ec580000,0x00000000ecb00000)
 ParOldGen       total 317440K, used 279622K [0x00000000c0000000, 0x00000000d3600000, 0x00000000eab00000)
  object space 317440K, 88% used [0x00000000c0000000,0x00000000d1111b98,0x00000000d3600000)
 Metaspace       used 61907K, committed 62912K, reserved 1114112K
  class space    used 7038K, committed 7488K, reserved 1048576K
}
Event: 8.464 GC heap before
{Heap before GC invocations=148 (full 9):
 PSYoungGen      total 26624K, used 23899K [0x00000000eab00000, 0x00000000ecb00000, 0x0000000100000000)
  eden space 19456K, 100% used [0x00000000eab00000,0x00000000ebe00000,0x00000000ebe00000)
  from space 7168K, 61% used [0x00000000ebe00000,0x00000000ec256ca0,0x00000000ec500000)
  to   space 5632K, 0% used [0x00000000ec580000,0x00000000ec580000,0x00000000ecb00000)
 ParOldGen       total 317440K, used 279622K [0x00000000c0000000, 0x00000000d3600000, 0x00000000eab00000)
  object space 317440K, 88% used [0x00000000c0000000,0x00000000d1111b98,0x00000000d3600000)
 Metaspace       used 61916K, committed 62912K, reserved 1114112K
  class space    used 7039K, committed 7488K, reserved 1048576K
}
Event: 8.467 GC heap after
{Heap after GC invocations=148 (full 9):
 PSYoungGen      total 22016K, used 224K [0x00000000eab00000, 0x00000000ec600000, 0x0000000100000000)
  eden space 21504K, 0% used [0x00000000eab00000,0x00000000eab00000,0x00000000ec000000)
  from space 512K, 43% used [0x00000000ec580000,0x00000000ec5b8000,0x00000000ec600000)
  to   space 2048K, 0% used [0x00000000ec200000,0x00000000ec200000,0x00000000ec400000)
 ParOldGen       total 317440K, used 283910K [0x00000000c0000000, 0x00000000d3600000, 0x00000000eab00000)
  object space 317440K, 89% used [0x00000000c0000000,0x00000000d1541bb0,0x00000000d3600000)
 Metaspace       used 61916K, committed 62912K, reserved 1114112K
  class space    used 7039K, committed 7488K, reserved 1048576K
}
Event: 8.547 GC heap before
{Heap before GC invocations=149 (full 9):
 PSYoungGen      total 22016K, used 21728K [0x00000000eab00000, 0x00000000ec600000, 0x0000000100000000)
  eden space 21504K, 100% used [0x00000000eab00000,0x00000000ec000000,0x00000000ec000000)
  from space 512K, 43% used [0x00000000ec580000,0x00000000ec5b8000,0x00000000ec600000)
  to   space 2048K, 0% used [0x00000000ec200000,0x00000000ec200000,0x00000000ec400000)
 ParOldGen       total 317440K, used 283910K [0x00000000c0000000, 0x00000000d3600000, 0x00000000eab00000)
  object space 317440K, 89% used [0x00000000c0000000,0x00000000d1541bb0,0x00000000d3600000)
 Metaspace       used 62228K, committed 63296K, reserved 1114112K
  class space    used 7072K, committed 7552K, reserved 1048576K
}
Event: 8.549 GC heap after
{Heap after GC invocations=149 (full 9):
 PSYoungGen      total 25600K, used 1175K [0x00000000eab00000, 0x00000000ec600000, 0x0000000100000000)
  eden space 23552K, 0% used [0x00000000eab00000,0x00000000eab00000,0x00000000ec200000)
  from space 2048K, 57% used [0x00000000ec200000,0x00000000ec325fc8,0x00000000ec400000)
  to   space 1536K, 0% used [0x00000000ec480000,0x00000000ec480000,0x00000000ec600000)
 ParOldGen       total 317440K, used 283918K [0x00000000c0000000, 0x00000000d3600000, 0x00000000eab00000)
  object space 317440K, 89% used [0x00000000c0000000,0x00000000d1543bb0,0x00000000d3600000)
 Metaspace       used 62228K, committed 63296K, reserved 1114112K
  class space    used 7072K, committed 7552K, reserved 1048576K
}
Event: 8.567 GC heap before
{Heap before GC invocations=150 (full 9):
 PSYoungGen      total 25600K, used 24727K [0x00000000eab00000, 0x00000000ec600000, 0x0000000100000000)
  eden space 23552K, 100% used [0x00000000eab00000,0x00000000ec200000,0x00000000ec200000)
  from space 2048K, 57% used [0x00000000ec200000,0x00000000ec325fc8,0x00000000ec400000)
  to   space 1536K, 0% used [0x00000000ec480000,0x00000000ec480000,0x00000000ec600000)
 ParOldGen       total 317440K, used 283918K [0x00000000c0000000, 0x00000000d3600000, 0x00000000eab00000)
  object space 317440K, 89% used [0x00000000c0000000,0x00000000d1543bb0,0x00000000d3600000)
 Metaspace       used 62427K, committed 63488K, reserved 1114112K
  class space    used 7095K, committed 7552K, reserved 1048576K
}
Event: 8.569 GC heap after
{Heap after GC invocations=150 (full 9):
 PSYoungGen      total 24064K, used 1527K [0x00000000eab00000, 0x00000000ecb00000, 0x0000000100000000)
  eden space 22528K, 0% used [0x00000000eab00000,0x00000000eab00000,0x00000000ec100000)
  from space 1536K, 99% used [0x00000000ec480000,0x00000000ec5fdfc8,0x00000000ec600000)
  to   space 3584K, 0% used [0x00000000ec100000,0x00000000ec100000,0x00000000ec480000)
 ParOldGen       total 317440K, used 285209K [0x00000000c0000000, 0x00000000d3600000, 0x00000000eab00000)
  object space 317440K, 89% used [0x00000000c0000000,0x00000000d1686418,0x00000000d3600000)
 Metaspace       used 62427K, committed 63488K, reserved 1114112K
  class space    used 7095K, committed 7552K, reserved 1048576K
}
Event: 8.666 GC heap before
{Heap before GC invocations=151 (full 9):
 PSYoungGen      total 24064K, used 24055K [0x00000000eab00000, 0x00000000ecb00000, 0x0000000100000000)
  eden space 22528K, 100% used [0x00000000eab00000,0x00000000ec100000,0x00000000ec100000)
  from space 1536K, 99% used [0x00000000ec480000,0x00000000ec5fdfc8,0x00000000ec600000)
  to   space 3584K, 0% used [0x00000000ec100000,0x00000000ec100000,0x00000000ec480000)
 ParOldGen       total 317440K, used 285209K [0x00000000c0000000, 0x00000000d3600000, 0x00000000eab00000)
  object space 317440K, 89% used [0x00000000c0000000,0x00000000d1686418,0x00000000d3600000)
 Metaspace       used 62928K, committed 64000K, reserved 1114112K
  class space    used 7145K, committed 7616K, reserved 1048576K
}
Event: 8.667 GC heap after
{Heap after GC invocations=151 (full 9):
 PSYoungGen      total 26112K, used 1936K [0x00000000eab00000, 0x00000000ec780000, 0x0000000100000000)
  eden space 22528K, 0% used [0x00000000eab00000,0x00000000eab00000,0x00000000ec100000)
  from space 3584K, 54% used [0x00000000ec100000,0x00000000ec2e4010,0x00000000ec480000)
  to   space 2560K, 0% used [0x00000000ec500000,0x00000000ec500000,0x00000000ec780000)
 ParOldGen       total 317440K, used 286066K [0x00000000c0000000, 0x00000000d3600000, 0x00000000eab00000)
  object space 317440K, 90% used [0x00000000c0000000,0x00000000d175caf8,0x00000000d3600000)
 Metaspace       used 62928K, committed 64000K, reserved 1114112K
  class space    used 7145K, committed 7616K, reserved 1048576K
}
Event: 8.744 GC heap before
{Heap before GC invocations=152 (full 9):
 PSYoungGen      total 26112K, used 24464K [0x00000000eab00000, 0x00000000ec780000, 0x0000000100000000)
  eden space 22528K, 100% used [0x00000000eab00000,0x00000000ec100000,0x00000000ec100000)
  from space 3584K, 54% used [0x00000000ec100000,0x00000000ec2e4010,0x00000000ec480000)
  to   space 2560K, 0% used [0x00000000ec500000,0x00000000ec500000,0x00000000ec780000)
 ParOldGen       total 317440K, used 286066K [0x00000000c0000000, 0x00000000d3600000, 0x00000000eab00000)
  object space 317440K, 90% used [0x00000000c0000000,0x00000000d175caf8,0x00000000d3600000)
 Metaspace       used 63240K, committed 64256K, reserved 1114112K
  class space    used 7178K, committed 7616K, reserved 1048576K
}
Event: 8.746 GC heap after
{Heap after GC invocations=152 (full 9):
 PSYoungGen      total 26624K, used 2233K [0x00000000eab00000, 0x00000000ec780000, 0x0000000100000000)
  eden space 24064K, 0% used [0x00000000eab00000,0x00000000eab00000,0x00000000ec280000)
  from space 2560K, 87% used [0x00000000ec500000,0x00000000ec72e470,0x00000000ec780000)
  to   space 2560K, 0% used [0x00000000ec280000,0x00000000ec280000,0x00000000ec500000)
 ParOldGen       total 317440K, used 286074K [0x00000000c0000000, 0x00000000d3600000, 0x00000000eab00000)
  object space 317440K, 90% used [0x00000000c0000000,0x00000000d175eaf8,0x00000000d3600000)
 Metaspace       used 63240K, committed 64256K, reserved 1114112K
  class space    used 7178K, committed 7616K, reserved 1048576K
}

