# JRE version: OpenJDK Runtime Environment Temurin-17.0.9+9 (17.0.9+9) (build 17.0.9+9)
# Java VM: OpenJDK 64-Bit Server VM Temurin-17.0.9+9 (17.0.9+9, mixed mode, tiered, compressed oops, compressed class ptrs, parallel gc, windows-amd64)
GC Precious Log:
 CPUs: 16 total, 16 available
 Memory: 16222M
 Large Page Support: Disabled
 NUMA Support: Disabled
 Compressed Oops: Enabled (32-bit)
 Alignments: Space 512K, Generation 512K, Heap 2M
 Heap Min Capacity: 100M
 Heap Initial Capacity: 100M
 Heap Max Capacity: 1G
 Pre-touch: Disabled
 Parallel Workers: 13
Heap:
 PSYoungGen      total 34304K, used 27834K [0x00000000eab00000, 0x00000000ee300000, 0x0000000100000000)
  eden space 15872K, 59% used [0x00000000eab00000,0x00000000eb4327a8,0x00000000eba80000)
  from space 18432K, 99% used [0x00000000ece00000,0x00000000edffc338,0x00000000ee000000)
  to   space 19968K, 0% used [0x00000000eba80000,0x00000000eba80000,0x00000000ece00000)
 ParOldGen       total 367616K, used 312149K [0x00000000c0000000, 0x00000000d6700000, 0x00000000eab00000)
  object space 367616K, 84% used [0x00000000c0000000,0x00000000d30d5600,0x00000000d6700000)
 Metaspace       used 62948K, committed 64000K, reserved 1114112K
  class space    used 7147K, committed 7616K, reserved 1048576K
GC Heap History (20 events):
Event: 16.104 GC heap before
{Heap before GC invocations=196 (full 13):
 PSYoungGen      total 26112K, used 26112K [0x00000000eab00000, 0x00000000ecc80000, 0x0000000100000000)
  eden space 20992K, 100% used [0x00000000eab00000,0x00000000ebf80000,0x00000000ebf80000)
  from space 5120K, 100% used [0x00000000ec080000,0x00000000ec580000,0x00000000ec580000)
  to   space 6656K, 0% used [0x00000000ec600000,0x00000000ec600000,0x00000000ecc80000)
 ParOldGen       total 307712K, used 263441K [0x00000000c0000000, 0x00000000d2c80000, 0x00000000eab00000)
  object space 307712K, 85% used [0x00000000c0000000,0x00000000d0144548,0x00000000d2c80000)
 Metaspace       used 62879K, committed 63936K, reserved 1114112K
  class space    used 7144K, committed 7616K, reserved 1048576K
}
Event: 16.110 GC heap after
{Heap after GC invocations=196 (full 13):
 PSYoungGen      total 24576K, used 3456K [0x00000000eab00000, 0x00000000ec980000, 0x0000000100000000)
  eden space 20992K, 0% used [0x00000000eab00000,0x00000000eab00000,0x00000000ebf80000)
  from space 3584K, 96% used [0x00000000ec600000,0x00000000ec960000,0x00000000ec980000)
  to   space 4608K, 0% used [0x00000000ec080000,0x00000000ec080000,0x00000000ec500000)
 ParOldGen       total 307712K, used 268609K [0x00000000c0000000, 0x00000000d2c80000, 0x00000000eab00000)
  object space 307712K, 87% used [0x00000000c0000000,0x00000000d0650548,0x00000000d2c80000)
 Metaspace       used 62879K, committed 63936K, reserved 1114112K
  class space    used 7144K, committed 7616K, reserved 1048576K
}
Event: 16.159 GC heap before
{Heap before GC invocations=197 (full 13):
 PSYoungGen      total 24576K, used 24448K [0x00000000eab00000, 0x00000000ec980000, 0x0000000100000000)
  eden space 20992K, 100% used [0x00000000eab00000,0x00000000ebf80000,0x00000000ebf80000)
  from space 3584K, 96% used [0x00000000ec600000,0x00000000ec960000,0x00000000ec980000)
  to   space 4608K, 0% used [0x00000000ec080000,0x00000000ec080000,0x00000000ec500000)
 ParOldGen       total 307712K, used 268609K [0x00000000c0000000, 0x00000000d2c80000, 0x00000000eab00000)
  object space 307712K, 87% used [0x00000000c0000000,0x00000000d0650548,0x00000000d2c80000)
 Metaspace       used 62885K, committed 63936K, reserved 1114112K
  class space    used 7144K, committed 7616K, reserved 1048576K
}
Event: 16.163 GC heap after
{Heap after GC invocations=197 (full 13):
 PSYoungGen      total 25600K, used 4608K [0x00000000eab00000, 0x00000000ecd80000, 0x0000000100000000)
  eden space 20992K, 0% used [0x00000000eab00000,0x00000000eab00000,0x00000000ebf80000)
  from space 4608K, 100% used [0x00000000ec080000,0x00000000ec500000,0x00000000ec500000)
  to   space 7168K, 0% used [0x00000000ec680000,0x00000000ec680000,0x00000000ecd80000)
 ParOldGen       total 307712K, used 270285K [0x00000000c0000000, 0x00000000d2c80000, 0x00000000eab00000)
  object space 307712K, 87% used [0x00000000c0000000,0x00000000d07f3750,0x00000000d2c80000)
 Metaspace       used 62885K, committed 63936K, reserved 1114112K
  class space    used 7144K, committed 7616K, reserved 1048576K
}
Event: 16.205 GC heap before
{Heap before GC invocations=198 (full 13):
 PSYoungGen      total 25600K, used 25600K [0x00000000eab00000, 0x00000000ecd80000, 0x0000000100000000)
  eden space 20992K, 100% used [0x00000000eab00000,0x00000000ebf80000,0x00000000ebf80000)
  from space 4608K, 100% used [0x00000000ec080000,0x00000000ec500000,0x00000000ec500000)
  to   space 7168K, 0% used [0x00000000ec680000,0x00000000ec680000,0x00000000ecd80000)
 ParOldGen       total 307712K, used 270285K [0x00000000c0000000, 0x00000000d2c80000, 0x00000000eab00000)
  object space 307712K, 87% used [0x00000000c0000000,0x00000000d07f3750,0x00000000d2c80000)
 Metaspace       used 62885K, committed 63936K, reserved 1114112K
  class space    used 7144K, committed 7616K, reserved 1048576K
}
Event: 16.209 GC heap after
{Heap after GC invocations=198 (full 13):
 PSYoungGen      total 24576K, used 3136K [0x00000000eab00000, 0x00000000eca00000, 0x0000000100000000)
  eden space 20992K, 0% used [0x00000000eab00000,0x00000000eab00000,0x00000000ebf80000)
  from space 3584K, 87% used [0x00000000ec680000,0x00000000ec990000,0x00000000eca00000)
  to   space 4608K, 0% used [0x00000000ec100000,0x00000000ec100000,0x00000000ec580000)
 ParOldGen       total 307712K, used 275002K [0x00000000c0000000, 0x00000000d2c80000, 0x00000000eab00000)
  object space 307712K, 89% used [0x00000000c0000000,0x00000000d0c8e958,0x00000000d2c80000)
 Metaspace       used 62885K, committed 63936K, reserved 1114112K
  class space    used 7144K, committed 7616K, reserved 1048576K
}
Event: 16.247 GC heap before
{Heap before GC invocations=199 (full 13):
 PSYoungGen      total 24576K, used 24128K [0x00000000eab00000, 0x00000000eca00000, 0x0000000100000000)
  eden space 20992K, 100% used [0x00000000eab00000,0x00000000ebf80000,0x00000000ebf80000)
  from space 3584K, 87% used [0x00000000ec680000,0x00000000ec990000,0x00000000eca00000)
  to   space 4608K, 0% used [0x00000000ec100000,0x00000000ec100000,0x00000000ec580000)
 ParOldGen       total 307712K, used 275002K [0x00000000c0000000, 0x00000000d2c80000, 0x00000000eab00000)
  object space 307712K, 89% used [0x00000000c0000000,0x00000000d0c8e958,0x00000000d2c80000)
 Metaspace       used 62886K, committed 63936K, reserved 1114112K
  class space    used 7144K, committed 7616K, reserved 1048576K
}
Event: 16.251 GC heap after
{Heap after GC invocations=199 (full 13):
 PSYoungGen      total 25600K, used 4608K [0x00000000eab00000, 0x00000000ecc80000, 0x0000000100000000)
  eden space 20992K, 0% used [0x00000000eab00000,0x00000000eab00000,0x00000000ebf80000)
  from space 4608K, 100% used [0x00000000ec100000,0x00000000ec580000,0x00000000ec580000)
  to   space 6656K, 0% used [0x00000000ec600000,0x00000000ec600000,0x00000000ecc80000)
 ParOldGen       total 307712K, used 276474K [0x00000000c0000000, 0x00000000d2c80000, 0x00000000eab00000)
  object space 307712K, 89% used [0x00000000c0000000,0x00000000d0dfe958,0x00000000d2c80000)
 Metaspace       used 62886K, committed 63936K, reserved 1114112K
  class space    used 7144K, committed 7616K, reserved 1048576K
}
Event: 16.270 GC heap before
{Heap before GC invocations=200 (full 13):
 PSYoungGen      total 25600K, used 25600K [0x00000000eab00000, 0x00000000ecc80000, 0x0000000100000000)
  eden space 20992K, 100% used [0x00000000eab00000,0x00000000ebf80000,0x00000000ebf80000)
  from space 4608K, 100% used [0x00000000ec100000,0x00000000ec580000,0x00000000ec580000)
  to   space 6656K, 0% used [0x00000000ec600000,0x00000000ec600000,0x00000000ecc80000)
 ParOldGen       total 307712K, used 276474K [0x00000000c0000000, 0x00000000d2c80000, 0x00000000eab00000)
  object space 307712K, 89% used [0x00000000c0000000,0x00000000d0dfe958,0x00000000d2c80000)
 Metaspace       used 62886K, committed 63936K, reserved 1114112K
  class space    used 7144K, committed 7616K, reserved 1048576K
}
Event: 16.274 GC heap after
{Heap after GC invocations=200 (full 13):
 PSYoungGen      total 27648K, used 2944K [0x00000000eab00000, 0x00000000eca00000, 0x0000000100000000)
  eden space 23552K, 0% used [0x00000000eab00000,0x00000000eab00000,0x00000000ec200000)
  from space 4096K, 71% used [0x00000000ec600000,0x00000000ec8e0000,0x00000000eca00000)
  to   space 4096K, 0% used [0x00000000ec200000,0x00000000ec200000,0x00000000ec600000)
 ParOldGen       total 307712K, used 281182K [0x00000000c0000000, 0x00000000d2c80000, 0x00000000eab00000)
  object space 307712K, 91% used [0x00000000c0000000,0x00000000d1297b60,0x00000000d2c80000)
 Metaspace       used 62886K, committed 63936K, reserved 1114112K
  class space    used 7144K, committed 7616K, reserved 1048576K
}
Event: 16.502 GC heap before
{Heap before GC invocations=201 (full 13):
 PSYoungGen      total 27648K, used 26291K [0x00000000eab00000, 0x00000000eca00000, 0x0000000100000000)
  eden space 23552K, 99% used [0x00000000eab00000,0x00000000ec1ccf68,0x00000000ec200000)
  from space 4096K, 71% used [0x00000000ec600000,0x00000000ec8e0000,0x00000000eca00000)
  to   space 4096K, 0% used [0x00000000ec200000,0x00000000ec200000,0x00000000ec600000)
 ParOldGen       total 307712K, used 281182K [0x00000000c0000000, 0x00000000d2c80000, 0x00000000eab00000)
  object space 307712K, 91% used [0x00000000c0000000,0x00000000d1297b60,0x00000000d2c80000)
 Metaspace       used 62896K, committed 63936K, reserved 1114112K
  class space    used 7144K, committed 7616K, reserved 1048576K
}
Event: 16.506 GC heap after
{Heap after GC invocations=201 (full 13):
 PSYoungGen      total 27648K, used 4069K [0x00000000eab00000, 0x00000000ee400000, 0x0000000100000000)
  eden space 23552K, 0% used [0x00000000eab00000,0x00000000eab00000,0x00000000ec200000)
  from space 4096K, 99% used [0x00000000ec200000,0x00000000ec5f9780,0x00000000ec600000)
  to   space 17408K, 0% used [0x00000000ed300000,0x00000000ed300000,0x00000000ee400000)
 ParOldGen       total 307712K, used 292120K [0x00000000c0000000, 0x00000000d2c80000, 0x00000000eab00000)
  object space 307712K, 94% used [0x00000000c0000000,0x00000000d1d462e8,0x00000000d2c80000)
 Metaspace       used 62896K, committed 63936K, reserved 1114112K
  class space    used 7144K, committed 7616K, reserved 1048576K
}
Event: 16.750 GC heap before
{Heap before GC invocations=202 (full 13):
 PSYoungGen      total 27648K, used 26826K [0x00000000eab00000, 0x00000000ee400000, 0x0000000100000000)
  eden space 23552K, 96% used [0x00000000eab00000,0x00000000ec1393e0,0x00000000ec200000)
  from space 4096K, 99% used [0x00000000ec200000,0x00000000ec5f9780,0x00000000ec600000)
  to   space 17408K, 0% used [0x00000000ed300000,0x00000000ed300000,0x00000000ee400000)
 ParOldGen       total 307712K, used 292120K [0x00000000c0000000, 0x00000000d2c80000, 0x00000000eab00000)
  object space 307712K, 94% used [0x00000000c0000000,0x00000000d1d462e8,0x00000000d2c80000)
 Metaspace       used 62908K, committed 63936K, reserved 1114112K
  class space    used 7144K, committed 7616K, reserved 1048576K
}
Event: 16.757 GC heap after
{Heap after GC invocations=202 (full 13):
 PSYoungGen      total 34816K, used 17401K [0x00000000eab00000, 0x00000000ef000000, 0x0000000100000000)
  eden space 17408K, 0% used [0x00000000eab00000,0x00000000eab00000,0x00000000ebc00000)
  from space 17408K, 99% used [0x00000000ed300000,0x00000000ee3fe498,0x00000000ee400000)
  to   space 23552K, 0% used [0x00000000ebc00000,0x00000000ebc00000,0x00000000ed300000)
 ParOldGen       total 307712K, used 296437K [0x00000000c0000000, 0x00000000d2c80000, 0x00000000eab00000)
  object space 307712K, 96% used [0x00000000c0000000,0x00000000d217d788,0x00000000d2c80000)
 Metaspace       used 62908K, committed 63936K, reserved 1114112K
  class space    used 7144K, committed 7616K, reserved 1048576K
}
Event: 17.016 GC heap before
{Heap before GC invocations=203 (full 13):
 PSYoungGen      total 34816K, used 34809K [0x00000000eab00000, 0x00000000ef000000, 0x0000000100000000)
  eden space 17408K, 100% used [0x00000000eab00000,0x00000000ebc00000,0x00000000ebc00000)
  from space 17408K, 99% used [0x00000000ed300000,0x00000000ee3fe498,0x00000000ee400000)
  to   space 23552K, 0% used [0x00000000ebc00000,0x00000000ebc00000,0x00000000ed300000)
 ParOldGen       total 307712K, used 296437K [0x00000000c0000000, 0x00000000d2c80000, 0x00000000eab00000)
  object space 307712K, 96% used [0x00000000c0000000,0x00000000d217d788,0x00000000d2c80000)
 Metaspace       used 62908K, committed 63936K, reserved 1114112K
  class space    used 7144K, committed 7616K, reserved 1048576K
}
Event: 17.025 GC heap after
{Heap after GC invocations=203 (full 13):
 PSYoungGen      total 34304K, used 16419K [0x00000000eab00000, 0x00000000ee000000, 0x0000000100000000)
  eden space 17408K, 0% used [0x00000000eab00000,0x00000000eab00000,0x00000000ebc00000)
  from space 16896K, 97% used [0x00000000ebc00000,0x00000000ecc08f28,0x00000000ecc80000)
  to   space 18432K, 0% used [0x00000000ece00000,0x00000000ece00000,0x00000000ee000000)
 ParOldGen       total 311296K, used 310979K [0x00000000c0000000, 0x00000000d3000000, 0x00000000eab00000)
  object space 311296K, 99% used [0x00000000c0000000,0x00000000d2fb0c30,0x00000000d3000000)
 Metaspace       used 62908K, committed 63936K, reserved 1114112K
  class space    used 7144K, committed 7616K, reserved 1048576K
}
Event: 17.025 GC heap before
{Heap before GC invocations=204 (full 14):
 PSYoungGen      total 34304K, used 16419K [0x00000000eab00000, 0x00000000ee000000, 0x0000000100000000)
  eden space 17408K, 0% used [0x00000000eab00000,0x00000000eab00000,0x00000000ebc00000)
  from space 16896K, 97% used [0x00000000ebc00000,0x00000000ecc08f28,0x00000000ecc80000)
  to   space 18432K, 0% used [0x00000000ece00000,0x00000000ece00000,0x00000000ee000000)
 ParOldGen       total 311296K, used 310979K [0x00000000c0000000, 0x00000000d3000000, 0x00000000eab00000)
  object space 311296K, 99% used [0x00000000c0000000,0x00000000d2fb0c30,0x00000000d3000000)
 Metaspace       used 62908K, committed 63936K, reserved 1114112K
  class space    used 7144K, committed 7616K, reserved 1048576K
}
Event: 17.155 GC heap after
{Heap after GC invocations=204 (full 14):
 PSYoungGen      total 34304K, used 9075K [0x00000000eab00000, 0x00000000ee000000, 0x0000000100000000)
  eden space 17408K, 0% used [0x00000000eab00000,0x00000000eab00000,0x00000000ebc00000)
  from space 16896K, 53% used [0x00000000ebc00000,0x00000000ec4dccd8,0x00000000ecc80000)
  to   space 18432K, 0% used [0x00000000ece00000,0x00000000ece00000,0x00000000ee000000)
 ParOldGen       total 367616K, used 311293K [0x00000000c0000000, 0x00000000d6700000, 0x00000000eab00000)
  object space 367616K, 84% used [0x00000000c0000000,0x00000000d2fff600,0x00000000d6700000)
 Metaspace       used 62908K, committed 63936K, reserved 1114112K
  class space    used 7144K, committed 7616K, reserved 1048576K
}
Event: 17.674 GC heap before
{Heap before GC invocations=205 (full 14):
 PSYoungGen      total 34304K, used 26483K [0x00000000eab00000, 0x00000000ee000000, 0x0000000100000000)
  eden space 17408K, 100% used [0x00000000eab00000,0x00000000ebc00000,0x00000000ebc00000)
  from space 16896K, 53% used [0x00000000ebc00000,0x00000000ec4dccd8,0x00000000ecc80000)
  to   space 18432K, 0% used [0x00000000ece00000,0x00000000ece00000,0x00000000ee000000)
 ParOldGen       total 367616K, used 311293K [0x00000000c0000000, 0x00000000d6700000, 0x00000000eab00000)
  object space 367616K, 84% used [0x00000000c0000000,0x00000000d2fff600,0x00000000d6700000)
 Metaspace       used 62946K, committed 64000K, reserved 1114112K
  class space    used 7147K, committed 7616K, reserved 1048576K
}
Event: 17.690 GC heap after
{Heap after GC invocations=205 (full 14):
 PSYoungGen      total 34304K, used 18416K [0x00000000eab00000, 0x00000000ee300000, 0x0000000100000000)
  eden space 15872K, 0% used [0x00000000eab00000,0x00000000eab00000,0x00000000eba80000)
  from space 18432K, 99% used [0x00000000ece00000,0x00000000edffc338,0x00000000ee000000)
  to   space 19968K, 0% used [0x00000000eba80000,0x00000000eba80000,0x00000000ece00000)
 ParOldGen       total 367616K, used 312149K [0x00000000c0000000, 0x00000000d6700000, 0x00000000eab00000)
  object space 367616K, 84% used [0x00000000c0000000,0x00000000d30d5600,0x00000000d6700000)
 Metaspace       used 62946K, committed 64000K, reserved 1114112K
  class space    used 7147K, committed 7616K, reserved 1048576K
}

