# JRE version: OpenJDK Runtime Environment Temurin-17.0.8+7 (17.0.8+7) (build 17.0.8+7)
# Java VM: OpenJDK 64-Bit Server VM Temurin-17.0.8+7 (17.0.8+7, mixed mode, sharing, tiered, compressed oops, compressed class ptrs, g1 gc, windows-amd64)
GC Precious Log:
 CPUs: 16 total, 16 available
 Memory: 16222M
 Large Page Support: Disabled
 NUMA Support: Disabled
 Compressed Oops: Enabled (32-bit)
 Heap Region Size: 1M
 Heap Min Capacity: 8M
 Heap Initial Capacity: 254M
 Heap Max Capacity: 2G
 Pre-touch: Disabled
 Parallel Workers: 13
 Concurrent Workers: 3
 Concurrent Refinement Workers: 13
 Periodic GC: Disabled
Heap:
 garbage-first heap   total 86016K, used 63323K [0x0000000080000000, 0x0000000100000000)
  region size 1024K, 18 young (18432K), 4 survivors (4096K)
 Metaspace       used 50775K, committed 51456K, reserved 491520K
  class space    used 7149K, committed 7488K, reserved 425984K
GC Heap History (20 events):
Event: 1.629 GC heap before
{Heap before GC invocations=3 (full 0):
 garbage-first heap   total 260096K, used 35371K [0x0000000080000000, 0x0000000100000000)
  region size 1024K, 26 young (26624K), 12 survivors (12288K)
 Metaspace       used 21195K, committed 21504K, reserved 491520K
  class space    used 3116K, committed 3264K, reserved 425984K
}
Event: 1.632 GC heap after
{Heap after GC invocations=4 (full 0):
 garbage-first heap   total 260096K, used 23155K [0x0000000080000000, 0x0000000100000000)
  region size 1024K, 2 young (2048K), 2 survivors (2048K)
 Metaspace       used 21195K, committed 21504K, reserved 491520K
  class space    used 3116K, committed 3264K, reserved 425984K
}
Event: 2.067 GC heap before
{Heap before GC invocations=5 (full 0):
 garbage-first heap   total 86016K, used 71283K [0x0000000080000000, 0x0000000100000000)
  region size 1024K, 50 young (51200K), 2 survivors (2048K)
 Metaspace       used 29721K, committed 30080K, reserved 491520K
  class space    used 4156K, committed 4288K, reserved 425984K
}
Event: 2.069 GC heap after
{Heap after GC invocations=6 (full 0):
 garbage-first heap   total 86016K, used 26767K [0x0000000080000000, 0x0000000100000000)
  region size 1024K, 5 young (5120K), 5 survivors (5120K)
 Metaspace       used 29721K, committed 30080K, reserved 491520K
  class space    used 4156K, committed 4288K, reserved 425984K
}
Event: 2.384 GC heap before
{Heap before GC invocations=6 (full 0):
 garbage-first heap   total 86016K, used 67727K [0x0000000080000000, 0x0000000100000000)
  region size 1024K, 41 young (41984K), 5 survivors (5120K)
 Metaspace       used 32709K, committed 33088K, reserved 491520K
  class space    used 4504K, committed 4672K, reserved 425984K
}
Event: 2.387 GC heap after
{Heap after GC invocations=7 (full 0):
 garbage-first heap   total 86016K, used 29657K [0x0000000080000000, 0x0000000100000000)
  region size 1024K, 4 young (4096K), 4 survivors (4096K)
 Metaspace       used 32709K, committed 33088K, reserved 491520K
  class space    used 4504K, committed 4672K, reserved 425984K
}
Event: 3.906 GC heap before
{Heap before GC invocations=7 (full 0):
 garbage-first heap   total 86016K, used 64473K [0x0000000080000000, 0x0000000100000000)
  region size 1024K, 38 young (38912K), 4 survivors (4096K)
 Metaspace       used 34434K, committed 34816K, reserved 491520K
  class space    used 4753K, committed 4928K, reserved 425984K
}
Event: 3.908 GC heap after
{Heap after GC invocations=8 (full 0):
 garbage-first heap   total 86016K, used 32172K [0x0000000080000000, 0x0000000100000000)
  region size 1024K, 3 young (3072K), 3 survivors (3072K)
 Metaspace       used 34434K, committed 34816K, reserved 491520K
  class space    used 4753K, committed 4928K, reserved 425984K
}
Event: 4.020 GC heap before
{Heap before GC invocations=8 (full 0):
 garbage-first heap   total 86016K, used 51628K [0x0000000080000000, 0x0000000100000000)
  region size 1024K, 22 young (22528K), 3 survivors (3072K)
 Metaspace       used 35492K, committed 35968K, reserved 491520K
  class space    used 4851K, committed 5056K, reserved 425984K
}
Event: 4.021 GC heap after
{Heap after GC invocations=9 (full 0):
 garbage-first heap   total 86016K, used 33616K [0x0000000080000000, 0x0000000100000000)
  region size 1024K, 4 young (4096K), 4 survivors (4096K)
 Metaspace       used 35492K, committed 35968K, reserved 491520K
  class space    used 4851K, committed 5056K, reserved 425984K
}
Event: 4.373 GC heap before
{Heap before GC invocations=10 (full 0):
 garbage-first heap   total 86016K, used 65360K [0x0000000080000000, 0x0000000100000000)
  region size 1024K, 35 young (35840K), 4 survivors (4096K)
 Metaspace       used 39076K, committed 39488K, reserved 491520K
  class space    used 5396K, committed 5568K, reserved 425984K
}
Event: 4.375 GC heap after
{Heap after GC invocations=11 (full 0):
 garbage-first heap   total 86016K, used 34313K [0x0000000080000000, 0x0000000100000000)
  region size 1024K, 3 young (3072K), 3 survivors (3072K)
 Metaspace       used 39076K, committed 39488K, reserved 491520K
  class space    used 5396K, committed 5568K, reserved 425984K
}
Event: 4.815 GC heap before
{Heap before GC invocations=11 (full 0):
 garbage-first heap   total 86016K, used 67081K [0x0000000080000000, 0x0000000100000000)
  region size 1024K, 35 young (35840K), 3 survivors (3072K)
 Metaspace       used 42524K, committed 43072K, reserved 491520K
  class space    used 5941K, committed 6144K, reserved 425984K
}
Event: 4.817 GC heap after
{Heap after GC invocations=12 (full 0):
 garbage-first heap   total 86016K, used 35985K [0x0000000080000000, 0x0000000100000000)
  region size 1024K, 4 young (4096K), 4 survivors (4096K)
 Metaspace       used 42524K, committed 43072K, reserved 491520K
  class space    used 5941K, committed 6144K, reserved 425984K
}
Event: 5.182 GC heap before
{Heap before GC invocations=12 (full 0):
 garbage-first heap   total 86016K, used 68753K [0x0000000080000000, 0x0000000100000000)
  region size 1024K, 36 young (36864K), 4 survivors (4096K)
 Metaspace       used 46361K, committed 46912K, reserved 491520K
  class space    used 6531K, committed 6784K, reserved 425984K
}
Event: 5.184 GC heap after
{Heap after GC invocations=13 (full 0):
 garbage-first heap   total 86016K, used 38127K [0x0000000080000000, 0x0000000100000000)
  region size 1024K, 4 young (4096K), 4 survivors (4096K)
 Metaspace       used 46361K, committed 46912K, reserved 491520K
  class space    used 6531K, committed 6784K, reserved 425984K
}
Event: 5.265 GC heap before
{Heap before GC invocations=13 (full 0):
 garbage-first heap   total 86016K, used 50415K [0x0000000080000000, 0x0000000100000000)
  region size 1024K, 13 young (13312K), 4 survivors (4096K)
 Metaspace       used 46701K, committed 47296K, reserved 491520K
  class space    used 6568K, committed 6848K, reserved 425984K
}
Event: 5.267 GC heap after
{Heap after GC invocations=14 (full 0):
 garbage-first heap   total 86016K, used 43574K [0x0000000080000000, 0x0000000100000000)
  region size 1024K, 4 young (4096K), 4 survivors (4096K)
 Metaspace       used 46701K, committed 47296K, reserved 491520K
  class space    used 6568K, committed 6848K, reserved 425984K
}
Event: 5.451 GC heap before
{Heap before GC invocations=15 (full 0):
 garbage-first heap   total 86016K, used 72246K [0x0000000080000000, 0x0000000100000000)
  region size 1024K, 28 young (28672K), 4 survivors (4096K)
 Metaspace       used 49457K, committed 50112K, reserved 491520K
  class space    used 6920K, committed 7232K, reserved 425984K
}
Event: 5.452 GC heap after
{Heap after GC invocations=16 (full 0):
 garbage-first heap   total 86016K, used 50011K [0x0000000080000000, 0x0000000100000000)
  region size 1024K, 4 young (4096K), 4 survivors (4096K)
 Metaspace       used 49457K, committed 50112K, reserved 491520K
  class space    used 6920K, committed 7232K, reserved 425984K
}

